<?xml version="1.0" encoding="UTF-8"?>
<!-- Generated by org.testng.reporters.JUnitReportReporter -->
<testsuite hostname="DESKTOP-946UO6R" failures="0" tests="2" name="com.zert.java.testng.logical.EvenNumberFinderTest" time="0.003" errors="0" timestamp="2022-02-26T10:26:20 AEST" skipped="0">
  <testcase classname="com.zert.java.testng.logical.EvenNumberFinderTest" name="isEvenNumber_test_negative" time="0.002"/>
  <system-out/>
  <testcase classname="com.zert.java.testng.logical.EvenNumberFinderTest" name="isEvenNumber_test_positive" time="0.001"/>
  <system-out/>
</testsuite> <!-- com.zert.java.testng.logical.EvenNumberFinderTest -->
