<?xml version="1.0" encoding="UTF-8"?>
<!-- Generated by org.testng.reporters.JUnitReportReporter -->
<testsuite hostname="DESKTOP-946UO6R" failures="0" tests="2" name="com.zert.java.testng.selenium.BlogSpotNameTest" time="0.088" errors="0" timestamp="2022-02-26T10:26:20 AEST" skipped="0">
  <testcase classname="com.zert.java.testng.selenium.BlogSpotNameTest" name="testIfFirstNameIsEnabled" time="0.050"/>
  <system-out/>
  <testcase classname="com.zert.java.testng.selenium.BlogSpotNameTest" name="testIfLastNameIsDisabled" time="0.038"/>
  <system-out/>
</testsuite> <!-- com.zert.java.testng.selenium.BlogSpotNameTest -->
