<?xml version="1.0" encoding="UTF-8"?>
<!-- Generated by org.testng.reporters.JUnitReportReporter -->
<testsuite hostname="DESKTOP-946UO6R" failures="0" tests="1" name="com.zert.java.testng.selenium.BlogSpotDietTest" time="0.053" errors="0" timestamp="2022-02-26T10:26:20 AEST" skipped="0">
  <testcase classname="com.zert.java.testng.selenium.BlogSpotDietTest" name="testDietOptions" time="0.053"/>
  <system-out/>
</testsuite> <!-- com.zert.java.testng.selenium.BlogSpotDietTest -->
